app/build/intermediates/manifest_merge_blame_file/debug/processDebugMainManifest/manifest-merger-blame-debug-report.txt
1<?xml version="1.0" encoding="utf-8"?>
2<manifest xmlns:android="http://schemas.android.com/apk/res/android"
3    package="com.termex.app"
4    android:versionCode="1"
5    android:versionName="1.0.0" >
6
7    <uses-sdk
8        android:minSdkVersion="26"
9        android:targetSdkVersion="35" />
10
11    <uses-permission android:name="android.permission.INTERNET" />
11-->src/main/AndroidManifest.xml:5:5-67
11-->src/main/AndroidManifest.xml:5:22-64
12    <uses-permission android:name="android.permission.ACCESS_NETWORK_STATE" />
12-->src/main/AndroidManifest.xml:6:5-79
12-->src/main/AndroidManifest.xml:6:22-76
13    <uses-permission android:name="android.permission.USE_BIOMETRIC" />
13-->src/main/AndroidManifest.xml:7:5-72
13-->src/main/AndroidManifest.xml:7:22-69
14
15    <!-- suppress DeprecatedClassUsageInspection -->
16    <uses-permission android:name="android.permission.USE_FINGERPRINT" />
16-->[androidx.biometric:biometric:1.1.0] AndroidManifest.xml:27:5-74
16-->[androidx.biometric:biometric:1.1.0] AndroidManifest.xml:27:22-71
17    <uses-permission android:name="com.android.vending.BILLING" />
17-->[com.android.billingclient:billing-ktx:7.1.1] AndroidManifest.xml:9:5-67
17-->[com.android.billingclient:billing-ktx:7.1.1] AndroidManifest.xml:9:22-64
18
19    <queries>
19-->[com.android.billingclient:billing:7.1.1] AndroidManifest.xml:12:5-19:15
20        <intent>
20-->[com.android.billingclient:billing:7.1.1] AndroidManifest.xml:13:9-15:18
21            <action android:name="com.android.vending.billing.InAppBillingService.BIND" />
21-->[com.android.billingclient:billing:7.1.1] AndroidManifest.xml:14:13-91
21-->[com.android.billingclient:billing:7.1.1] AndroidManifest.xml:14:21-88
22        </intent>
23        <intent>
23-->[com.android.billingclient:billing:7.1.1] AndroidManifest.xml:16:9-18:18
24            <action android:name="com.google.android.apps.play.billingtestcompanion.BillingOverrideService.BIND" />
24-->[com.android.billingclient:billing:7.1.1] AndroidManifest.xml:17:13-116
24-->[com.android.billingclient:billing:7.1.1] AndroidManifest.xml:17:21-113
25        </intent>
26    </queries>
27
28    <uses-permission android:name="android.permission.WAKE_LOCK" />
28-->[androidx.work:work-runtime:2.10.0] AndroidManifest.xml:23:5-68
28-->[androidx.work:work-runtime:2.10.0] AndroidManifest.xml:23:22-65
29    <uses-permission android:name="android.permission.RECEIVE_BOOT_COMPLETED" />
29-->[androidx.work:work-runtime:2.10.0] AndroidManifest.xml:25:5-81
29-->[androidx.work:work-runtime:2.10.0] AndroidManifest.xml:25:22-78
30    <uses-permission android:name="android.permission.FOREGROUND_SERVICE" />
30-->[androidx.work:work-runtime:2.10.0] AndroidManifest.xml:26:5-77
30-->[androidx.work:work-runtime:2.10.0] AndroidManifest.xml:26:22-74
31
32    <permission
32-->[androidx.core:core:1.15.0] AndroidManifest.xml:22:5-24:47
33        android:name="com.termex.app.DYNAMIC_RECEIVER_NOT_EXPORTED_PERMISSION"
33-->[androidx.core:core:1.15.0] AndroidManifest.xml:23:9-81
34        android:protectionLevel="signature" />
34-->[androidx.core:core:1.15.0] AndroidManifest.xml:24:9-44
35
36    <uses-permission android:name="com.termex.app.DYNAMIC_RECEIVER_NOT_EXPORTED_PERMISSION" />
36-->[androidx.core:core:1.15.0] AndroidManifest.xml:26:5-97
36-->[androidx.core:core:1.15.0] AndroidManifest.xml:26:22-94
37
38    <application
38-->src/main/AndroidManifest.xml:9:5-33:19
39        android:name="com.termex.app.TermexApplication"
39-->src/main/AndroidManifest.xml:10:9-42
40        android:allowBackup="true"
40-->src/main/AndroidManifest.xml:11:9-35
41        android:appComponentFactory="androidx.core.app.CoreComponentFactory"
41-->[androidx.core:core:1.15.0] AndroidManifest.xml:28:18-86
42        android:dataExtractionRules="@xml/data_extraction_rules"
42-->src/main/AndroidManifest.xml:12:9-65
43        android:debuggable="true"
44        android:extractNativeLibs="false"
45        android:fullBackupContent="@xml/backup_rules"
45-->src/main/AndroidManifest.xml:13:9-54
46        android:icon="@mipmap/ic_launcher"
46-->src/main/AndroidManifest.xml:14:9-43
47        android:label="@string/app_name"
47-->src/main/AndroidManifest.xml:15:9-41
48        android:networkSecurityConfig="@xml/network_security_config"
48-->src/main/AndroidManifest.xml:19:9-69
49        android:roundIcon="@mipmap/ic_launcher_round"
49-->src/main/AndroidManifest.xml:16:9-54
50        android:supportsRtl="true"
50-->src/main/AndroidManifest.xml:17:9-35
51        android:theme="@style/Theme.Termex" >
51-->src/main/AndroidManifest.xml:18:9-44
52        <activity
52-->src/main/AndroidManifest.xml:22:9-32:20
53            android:name="com.termex.app.MainActivity"
53-->src/main/AndroidManifest.xml:23:13-41
54            android:exported="true"
54-->src/main/AndroidManifest.xml:24:13-36
55            android:label="@string/app_name"
55-->src/main/AndroidManifest.xml:25:13-45
56            android:theme="@style/Theme.Termex"
56-->src/main/AndroidManifest.xml:26:13-48
57            android:windowSoftInputMode="adjustResize" >
57-->src/main/AndroidManifest.xml:27:13-55
58            <intent-filter>
58-->src/main/AndroidManifest.xml:28:13-31:29
59                <action android:name="android.intent.action.MAIN" />
59-->src/main/AndroidManifest.xml:29:17-69
59-->src/main/AndroidManifest.xml:29:25-66
60
61                <category android:name="android.intent.category.LAUNCHER" />
61-->src/main/AndroidManifest.xml:30:17-77
61-->src/main/AndroidManifest.xml:30:27-74
62            </intent-filter>
63        </activity>
64        <activity
64-->[androidx.compose.ui:ui-tooling-android:1.7.6] AndroidManifest.xml:23:9-25:39
65            android:name="androidx.compose.ui.tooling.PreviewActivity"
65-->[androidx.compose.ui:ui-tooling-android:1.7.6] AndroidManifest.xml:24:13-71
66            android:exported="true" />
66-->[androidx.compose.ui:ui-tooling-android:1.7.6] AndroidManifest.xml:25:13-36
67        <activity
67-->[androidx.compose.ui:ui-test-manifest:1.7.6] AndroidManifest.xml:23:9-25:39
68            android:name="androidx.activity.ComponentActivity"
68-->[androidx.compose.ui:ui-test-manifest:1.7.6] AndroidManifest.xml:24:13-63
69            android:exported="true" />
69-->[androidx.compose.ui:ui-test-manifest:1.7.6] AndroidManifest.xml:25:13-36
70
71        <meta-data
71-->[com.android.billingclient:billing:7.1.1] AndroidManifest.xml:22:9-24:37
72            android:name="com.google.android.play.billingclient.version"
72-->[com.android.billingclient:billing:7.1.1] AndroidManifest.xml:23:13-73
73            android:value="7.1.1" />
73-->[com.android.billingclient:billing:7.1.1] AndroidManifest.xml:24:13-34
74
75        <activity
75-->[com.android.billingclient:billing:7.1.1] AndroidManifest.xml:26:9-30:75
76            android:name="com.android.billingclient.api.ProxyBillingActivity"
76-->[com.android.billingclient:billing:7.1.1] AndroidManifest.xml:27:13-78
77            android:configChanges="keyboard|keyboardHidden|screenLayout|screenSize|orientation"
77-->[com.android.billingclient:billing:7.1.1] AndroidManifest.xml:28:13-96
78            android:exported="false"
78-->[com.android.billingclient:billing:7.1.1] AndroidManifest.xml:29:13-37
79            android:theme="@android:style/Theme.Translucent.NoTitleBar" />
79-->[com.android.billingclient:billing:7.1.1] AndroidManifest.xml:30:13-72
80        <activity
80-->[com.android.billingclient:billing:7.1.1] AndroidManifest.xml:31:9-35:75
81            android:name="com.android.billingclient.api.ProxyBillingActivityV2"
81-->[com.android.billingclient:billing:7.1.1] AndroidManifest.xml:32:13-80
82            android:configChanges="keyboard|keyboardHidden|screenLayout|screenSize|orientation"
82-->[com.android.billingclient:billing:7.1.1] AndroidManifest.xml:33:13-96
83            android:exported="false"
83-->[com.android.billingclient:billing:7.1.1] AndroidManifest.xml:34:13-37
84            android:theme="@android:style/Theme.Translucent.NoTitleBar" />
84-->[com.android.billingclient:billing:7.1.1] AndroidManifest.xml:35:13-72
85        <activity
85-->[com.google.android.gms:play-services-base:18.5.0] AndroidManifest.xml:5:9-173
86            android:name="com.google.android.gms.common.api.GoogleApiActivity"
86-->[com.google.android.gms:play-services-base:18.5.0] AndroidManifest.xml:5:19-85
87            android:exported="false"
87-->[com.google.android.gms:play-services-base:18.5.0] AndroidManifest.xml:5:146-170
88            android:theme="@android:style/Theme.Translucent.NoTitleBar" />
88-->[com.google.android.gms:play-services-base:18.5.0] AndroidManifest.xml:5:86-145
89
90        <meta-data
90-->[com.google.android.gms:play-services-basement:18.4.0] AndroidManifest.xml:6:9-122
91            android:name="com.google.android.gms.version"
91-->[com.google.android.gms:play-services-basement:18.4.0] AndroidManifest.xml:6:20-65
92            android:value="@integer/google_play_services_version" />
92-->[com.google.android.gms:play-services-basement:18.4.0] AndroidManifest.xml:6:66-119
93
94        <provider
94-->[androidx.work:work-runtime:2.10.0] AndroidManifest.xml:29:9-37:20
95            android:name="androidx.startup.InitializationProvider"
95-->[androidx.work:work-runtime:2.10.0] AndroidManifest.xml:30:13-67
96            android:authorities="com.termex.app.androidx-startup"
96-->[androidx.work:work-runtime:2.10.0] AndroidManifest.xml:31:13-68
97            android:exported="false" >
97-->[androidx.work:work-runtime:2.10.0] AndroidManifest.xml:32:13-37
98            <meta-data
98-->[androidx.work:work-runtime:2.10.0] AndroidManifest.xml:34:13-36:52
99                android:name="androidx.work.WorkManagerInitializer"
99-->[androidx.work:work-runtime:2.10.0] AndroidManifest.xml:35:17-68
100                android:value="androidx.startup" />
100-->[androidx.work:work-runtime:2.10.0] AndroidManifest.xml:36:17-49
101            <meta-data
101-->[androidx.emoji2:emoji2:1.3.0] AndroidManifest.xml:29:13-31:52
102                android:name="androidx.emoji2.text.EmojiCompatInitializer"
102-->[androidx.emoji2:emoji2:1.3.0] AndroidManifest.xml:30:17-75
103                android:value="androidx.startup" />
103-->[androidx.emoji2:emoji2:1.3.0] AndroidManifest.xml:31:17-49
104            <meta-data
104-->[androidx.lifecycle:lifecycle-process:2.8.7] AndroidManifest.xml:29:13-31:52
105                android:name="androidx.lifecycle.ProcessLifecycleInitializer"
105-->[androidx.lifecycle:lifecycle-process:2.8.7] AndroidManifest.xml:30:17-78
106                android:value="androidx.startup" />
106-->[androidx.lifecycle:lifecycle-process:2.8.7] AndroidManifest.xml:31:17-49
107            <meta-data
107-->[androidx.profileinstaller:profileinstaller:1.3.1] AndroidManifest.xml:29:13-31:52
108                android:name="androidx.profileinstaller.ProfileInstallerInitializer"
108-->[androidx.profileinstaller:profileinstaller:1.3.1] AndroidManifest.xml:30:17-85
109                android:value="androidx.startup" />
109-->[androidx.profileinstaller:profileinstaller:1.3.1] AndroidManifest.xml:31:17-49
110        </provider>
111
112        <service
112-->[androidx.work:work-runtime:2.10.0] AndroidManifest.xml:39:9-45:35
113            android:name="androidx.work.impl.background.systemalarm.SystemAlarmService"
113-->[androidx.work:work-runtime:2.10.0] AndroidManifest.xml:40:13-88
114            android:directBootAware="false"
114-->[androidx.work:work-runtime:2.10.0] AndroidManifest.xml:41:13-44
115            android:enabled="@bool/enable_system_alarm_service_default"
115-->[androidx.work:work-runtime:2.10.0] AndroidManifest.xml:42:13-72
116            android:exported="false" />
116-->[androidx.work:work-runtime:2.10.0] AndroidManifest.xml:43:13-37
117        <service
117-->[androidx.work:work-runtime:2.10.0] AndroidManifest.xml:46:9-52:35
118            android:name="androidx.work.impl.background.systemjob.SystemJobService"
118-->[androidx.work:work-runtime:2.10.0] AndroidManifest.xml:47:13-84
119            android:directBootAware="false"
119-->[androidx.work:work-runtime:2.10.0] AndroidManifest.xml:48:13-44
120            android:enabled="@bool/enable_system_job_service_default"
120-->[androidx.work:work-runtime:2.10.0] AndroidManifest.xml:49:13-70
121            android:exported="true"
121-->[androidx.work:work-runtime:2.10.0] AndroidManifest.xml:50:13-36
122            android:permission="android.permission.BIND_JOB_SERVICE" />
122-->[androidx.work:work-runtime:2.10.0] AndroidManifest.xml:51:13-69
123        <service
123-->[androidx.work:work-runtime:2.10.0] AndroidManifest.xml:53:9-59:35
124            android:name="androidx.work.impl.foreground.SystemForegroundService"
124-->[androidx.work:work-runtime:2.10.0] AndroidManifest.xml:54:13-81
125            android:directBootAware="false"
125-->[androidx.work:work-runtime:2.10.0] AndroidManifest.xml:55:13-44
126            android:enabled="@bool/enable_system_foreground_service_default"
126-->[androidx.work:work-runtime:2.10.0] AndroidManifest.xml:56:13-77
127            android:exported="false" />
127-->[androidx.work:work-runtime:2.10.0] AndroidManifest.xml:57:13-37
128
129        <receiver
129-->[androidx.work:work-runtime:2.10.0] AndroidManifest.xml:61:9-66:35
130            android:name="androidx.work.impl.utils.ForceStopRunnable$BroadcastReceiver"
130-->[androidx.work:work-runtime:2.10.0] AndroidManifest.xml:62:13-88
131            android:directBootAware="false"
131-->[androidx.work:work-runtime:2.10.0] AndroidManifest.xml:63:13-44
132            android:enabled="true"
132-->[androidx.work:work-runtime:2.10.0] AndroidManifest.xml:64:13-35
133            android:exported="false" />
133-->[androidx.work:work-runtime:2.10.0] AndroidManifest.xml:65:13-37
134        <receiver
134-->[androidx.work:work-runtime:2.10.0] AndroidManifest.xml:67:9-77:20
135            android:name="androidx.work.impl.background.systemalarm.ConstraintProxy$BatteryChargingProxy"
135-->[androidx.work:work-runtime:2.10.0] AndroidManifest.xml:68:13-106
136            android:directBootAware="false"
136-->[androidx.work:work-runtime:2.10.0] AndroidManifest.xml:69:13-44
137            android:enabled="false"
137-->[androidx.work:work-runtime:2.10.0] AndroidManifest.xml:70:13-36
138            android:exported="false" >
138-->[androidx.work:work-runtime:2.10.0] AndroidManifest.xml:71:13-37
139            <intent-filter>
139-->[androidx.work:work-runtime:2.10.0] AndroidManifest.xml:73:13-76:29
140                <action android:name="android.intent.action.ACTION_POWER_CONNECTED" />
140-->[androidx.work:work-runtime:2.10.0] AndroidManifest.xml:74:17-87
140-->[androidx.work:work-runtime:2.10.0] AndroidManifest.xml:74:25-84
141                <action android:name="android.intent.action.ACTION_POWER_DISCONNECTED" />
141-->[androidx.work:work-runtime:2.10.0] AndroidManifest.xml:75:17-90
141-->[androidx.work:work-runtime:2.10.0] AndroidManifest.xml:75:25-87
142            </intent-filter>
143        </receiver>
144        <receiver
144-->[androidx.work:work-runtime:2.10.0] AndroidManifest.xml:78:9-88:20
145            android:name="androidx.work.impl.background.systemalarm.ConstraintProxy$BatteryNotLowProxy"
145-->[androidx.work:work-runtime:2.10.0] AndroidManifest.xml:79:13-104
146            android:directBootAware="false"
146-->[androidx.work:work-runtime:2.10.0] AndroidManifest.xml:80:13-44
147            android:enabled="false"
147-->[androidx.work:work-runtime:2.10.0] AndroidManifest.xml:81:13-36
148            android:exported="false" >
148-->[androidx.work:work-runtime:2.10.0] AndroidManifest.xml:82:13-37
149            <intent-filter>
149-->[androidx.work:work-runtime:2.10.0] AndroidManifest.xml:84:13-87:29
150                <action android:name="android.intent.action.BATTERY_OKAY" />
150-->[androidx.work:work-runtime:2.10.0] AndroidManifest.xml:85:17-77
150-->[androidx.work:work-runtime:2.10.0] AndroidManifest.xml:85:25-74
151                <action android:name="android.intent.action.BATTERY_LOW" />
151-->[androidx.work:work-runtime:2.10.0] AndroidManifest.xml:86:17-76
151-->[androidx.work:work-runtime:2.10.0] AndroidManifest.xml:86:25-73
152            </intent-filter>
153        </receiver>
154        <receiver
154-->[androidx.work:work-runtime:2.10.0] AndroidManifest.xml:89:9-99:20
155            android:name="androidx.work.impl.background.systemalarm.ConstraintProxy$StorageNotLowProxy"
155-->[androidx.work:work-runtime:2.10.0] AndroidManifest.xml:90:13-104
156            android:directBootAware="false"
156-->[androidx.work:work-runtime:2.10.0] AndroidManifest.xml:91:13-44
157            android:enabled="false"
157-->[androidx.work:work-runtime:2.10.0] AndroidManifest.xml:92:13-36
158            android:exported="false" >
158-->[androidx.work:work-runtime:2.10.0] AndroidManifest.xml:93:13-37
159            <intent-filter>
159-->[androidx.work:work-runtime:2.10.0] AndroidManifest.xml:95:13-98:29
160                <action android:name="android.intent.action.DEVICE_STORAGE_LOW" />
160-->[androidx.work:work-runtime:2.10.0] AndroidManifest.xml:96:17-83
160-->[androidx.work:work-runtime:2.10.0] AndroidManifest.xml:96:25-80
161                <action android:name="android.intent.action.DEVICE_STORAGE_OK" />
161-->[androidx.work:work-runtime:2.10.0] AndroidManifest.xml:97:17-82
161-->[androidx.work:work-runtime:2.10.0] AndroidManifest.xml:97:25-79
162            </intent-filter>
163        </receiver>
164        <receiver
164-->[androidx.work:work-runtime:2.10.0] AndroidManifest.xml:100:9-109:20
165            android:name="androidx.work.impl.background.systemalarm.ConstraintProxy$NetworkStateProxy"
165-->[androidx.work:work-runtime:2.10.0] AndroidManifest.xml:101:13-103
166            android:directBootAware="false"
166-->[androidx.work:work-runtime:2.10.0] AndroidManifest.xml:102:13-44
167            android:enabled="false"
167-->[androidx.work:work-runtime:2.10.0] AndroidManifest.xml:103:13-36
168            android:exported="false" >
168-->[androidx.work:work-runtime:2.10.0] AndroidManifest.xml:104:13-37
169            <intent-filter>
169-->[androidx.work:work-runtime:2.10.0] AndroidManifest.xml:106:13-108:29
170                <action android:name="android.net.conn.CONNECTIVITY_CHANGE" />
170-->[androidx.work:work-runtime:2.10.0] AndroidManifest.xml:107:17-79
170-->[androidx.work:work-runtime:2.10.0] AndroidManifest.xml:107:25-76
171            </intent-filter>
172        </receiver>
173        <receiver
173-->[androidx.work:work-runtime:2.10.0] AndroidManifest.xml:110:9-121:20
174            android:name="androidx.work.impl.background.systemalarm.RescheduleReceiver"
174-->[androidx.work:work-runtime:2.10.0] AndroidManifest.xml:111:13-88
175            android:directBootAware="false"
175-->[androidx.work:work-runtime:2.10.0] AndroidManifest.xml:112:13-44
176            android:enabled="false"
176-->[androidx.work:work-runtime:2.10.0] AndroidManifest.xml:113:13-36
177            android:exported="false" >
177-->[androidx.work:work-runtime:2.10.0] AndroidManifest.xml:114:13-37
178            <intent-filter>
178-->[androidx.work:work-runtime:2.10.0] AndroidManifest.xml:116:13-120:29
179                <action android:name="android.intent.action.BOOT_COMPLETED" />
179-->[androidx.work:work-runtime:2.10.0] AndroidManifest.xml:117:17-79
179-->[androidx.work:work-runtime:2.10.0] AndroidManifest.xml:117:25-76
180                <action android:name="android.intent.action.TIME_SET" />
180-->[androidx.work:work-runtime:2.10.0] AndroidManifest.xml:118:17-73
180-->[androidx.work:work-runtime:2.10.0] AndroidManifest.xml:118:25-70
181                <action android:name="android.intent.action.TIMEZONE_CHANGED" />
181-->[androidx.work:work-runtime:2.10.0] AndroidManifest.xml:119:17-81
181-->[androidx.work:work-runtime:2.10.0] AndroidManifest.xml:119:25-78
182            </intent-filter>
183        </receiver>
184        <receiver
184-->[androidx.work:work-runtime:2.10.0] AndroidManifest.xml:122:9-131:20
185            android:name="androidx.work.impl.background.systemalarm.ConstraintProxyUpdateReceiver"
185-->[androidx.work:work-runtime:2.10.0] AndroidManifest.xml:123:13-99
186            android:directBootAware="false"
186-->[androidx.work:work-runtime:2.10.0] AndroidManifest.xml:124:13-44
187            android:enabled="@bool/enable_system_alarm_service_default"
187-->[androidx.work:work-runtime:2.10.0] AndroidManifest.xml:125:13-72
188            android:exported="false" >
188-->[androidx.work:work-runtime:2.10.0] AndroidManifest.xml:126:13-37
189            <intent-filter>
189-->[androidx.work:work-runtime:2.10.0] AndroidManifest.xml:128:13-130:29
190                <action android:name="androidx.work.impl.background.systemalarm.UpdateProxies" />
190-->[androidx.work:work-runtime:2.10.0] AndroidManifest.xml:129:17-98
190-->[androidx.work:work-runtime:2.10.0] AndroidManifest.xml:129:25-95
191            </intent-filter>
192        </receiver>
193        <receiver
193-->[androidx.work:work-runtime:2.10.0] AndroidManifest.xml:132:9-142:20
194            android:name="androidx.work.impl.diagnostics.DiagnosticsReceiver"
194-->[androidx.work:work-runtime:2.10.0] AndroidManifest.xml:133:13-78
195            android:directBootAware="false"
195-->[androidx.work:work-runtime:2.10.0] AndroidManifest.xml:134:13-44
196            android:enabled="true"
196-->[androidx.work:work-runtime:2.10.0] AndroidManifest.xml:135:13-35
197            android:exported="true"
197-->[androidx.work:work-runtime:2.10.0] AndroidManifest.xml:136:13-36
198            android:permission="android.permission.DUMP" >
198-->[androidx.work:work-runtime:2.10.0] AndroidManifest.xml:137:13-57
199            <intent-filter>
199-->[androidx.work:work-runtime:2.10.0] AndroidManifest.xml:139:13-141:29
200                <action android:name="androidx.work.diagnostics.REQUEST_DIAGNOSTICS" />
200-->[androidx.work:work-runtime:2.10.0] AndroidManifest.xml:140:17-88
200-->[androidx.work:work-runtime:2.10.0] AndroidManifest.xml:140:25-85
201            </intent-filter>
202        </receiver>
203
204        <service
204-->[androidx.room:room-runtime:2.6.1] AndroidManifest.xml:24:9-28:63
205            android:name="androidx.room.MultiInstanceInvalidationService"
205-->[androidx.room:room-runtime:2.6.1] AndroidManifest.xml:25:13-74
206            android:directBootAware="true"
206-->[androidx.room:room-runtime:2.6.1] AndroidManifest.xml:26:13-43
207            android:exported="false" />
207-->[androidx.room:room-runtime:2.6.1] AndroidManifest.xml:27:13-37
208
209        <receiver
209-->[androidx.profileinstaller:profileinstaller:1.3.1] AndroidManifest.xml:34:9-52:20
210            android:name="androidx.profileinstaller.ProfileInstallReceiver"
210-->[androidx.profileinstaller:profileinstaller:1.3.1] AndroidManifest.xml:35:13-76
211            android:directBootAware="false"
211-->[androidx.profileinstaller:profileinstaller:1.3.1] AndroidManifest.xml:36:13-44
212            android:enabled="true"
212-->[androidx.profileinstaller:profileinstaller:1.3.1] AndroidManifest.xml:37:13-35
213            android:exported="true"
213-->[androidx.profileinstaller:profileinstaller:1.3.1] AndroidManifest.xml:38:13-36
214            android:permission="android.permission.DUMP" >
214-->[androidx.profileinstaller:profileinstaller:1.3.1] AndroidManifest.xml:39:13-57
215            <intent-filter>
215-->[androidx.profileinstaller:profileinstaller:1.3.1] AndroidManifest.xml:40:13-42:29
216                <action android:name="androidx.profileinstaller.action.INSTALL_PROFILE" />
216-->[androidx.profileinstaller:profileinstaller:1.3.1] AndroidManifest.xml:41:17-91
216-->[androidx.profileinstaller:profileinstaller:1.3.1] AndroidManifest.xml:41:25-88
217            </intent-filter>
218            <intent-filter>
218-->[androidx.profileinstaller:profileinstaller:1.3.1] AndroidManifest.xml:43:13-45:29
219                <action android:name="androidx.profileinstaller.action.SKIP_FILE" />
219-->[androidx.profileinstaller:profileinstaller:1.3.1] AndroidManifest.xml:44:17-85
219-->[androidx.profileinstaller:profileinstaller:1.3.1] AndroidManifest.xml:44:25-82
220            </intent-filter>
221            <intent-filter>
221-->[androidx.profileinstaller:profileinstaller:1.3.1] AndroidManifest.xml:46:13-48:29
222                <action android:name="androidx.profileinstaller.action.SAVE_PROFILE" />
222-->[androidx.profileinstaller:profileinstaller:1.3.1] AndroidManifest.xml:47:17-88
222-->[androidx.profileinstaller:profileinstaller:1.3.1] AndroidManifest.xml:47:25-85
223            </intent-filter>
224            <intent-filter>
224-->[androidx.profileinstaller:profileinstaller:1.3.1] AndroidManifest.xml:49:13-51:29
225                <action android:name="androidx.profileinstaller.action.BENCHMARK_OPERATION" />
225-->[androidx.profileinstaller:profileinstaller:1.3.1] AndroidManifest.xml:50:17-95
225-->[androidx.profileinstaller:profileinstaller:1.3.1] AndroidManifest.xml:50:25-92
226            </intent-filter>
227        </receiver>
228
229        <service
229-->[com.google.android.datatransport:transport-backend-cct:3.1.8] AndroidManifest.xml:28:9-34:19
230            android:name="com.google.android.datatransport.runtime.backends.TransportBackendDiscovery"
230-->[com.google.android.datatransport:transport-backend-cct:3.1.8] AndroidManifest.xml:29:13-103
231            android:exported="false" >
231-->[com.google.android.datatransport:transport-backend-cct:3.1.8] AndroidManifest.xml:30:13-37
232            <meta-data
232-->[com.google.android.datatransport:transport-backend-cct:3.1.8] AndroidManifest.xml:31:13-33:39
233                android:name="backend:com.google.android.datatransport.cct.CctBackendFactory"
233-->[com.google.android.datatransport:transport-backend-cct:3.1.8] AndroidManifest.xml:32:17-94
234                android:value="cct" />
234-->[com.google.android.datatransport:transport-backend-cct:3.1.8] AndroidManifest.xml:33:17-36
235        </service>
236        <service
236-->[com.google.android.datatransport:transport-runtime:3.1.8] AndroidManifest.xml:26:9-30:19
237            android:name="com.google.android.datatransport.runtime.scheduling.jobscheduling.JobInfoSchedulerService"
237-->[com.google.android.datatransport:transport-runtime:3.1.8] AndroidManifest.xml:27:13-117
238            android:exported="false"
238-->[com.google.android.datatransport:transport-runtime:3.1.8] AndroidManifest.xml:28:13-37
239            android:permission="android.permission.BIND_JOB_SERVICE" >
239-->[com.google.android.datatransport:transport-runtime:3.1.8] AndroidManifest.xml:29:13-69
240        </service>
241
242        <receiver
242-->[com.google.android.datatransport:transport-runtime:3.1.8] AndroidManifest.xml:32:9-34:40
243            android:name="com.google.android.datatransport.runtime.scheduling.jobscheduling.AlarmManagerSchedulerBroadcastReceiver"
243-->[com.google.android.datatransport:transport-runtime:3.1.8] AndroidManifest.xml:33:13-132
244            android:exported="false" />
244-->[com.google.android.datatransport:transport-runtime:3.1.8] AndroidManifest.xml:34:13-37
245    </application>
246
247</manifest>